<?xml version="1.0" encoding="UTF-8"?>
<!-- Generated by org.testng.reporters.JUnitReportReporter -->
<testsuite skipped="0" hostname="user-PC" name="selenium.mavenproject_scenarios.SampleDemo" tests="2" failures="0" timestamp="04 Jul 2019 08:46:04 GMT" time="57.077" errors="0">
  <testcase name="login" time="47.961" classname="selenium.mavenproject_scenarios.SampleDemo"/>
  <testcase name="logout" time="9.116" classname="selenium.mavenproject_scenarios.SampleDemo"/>
</testsuite> <!-- selenium.mavenproject_scenarios.SampleDemo -->
