<?xml version="1.0" encoding="UTF-8"?>
<!-- Generated by org.testng.reporters.JUnitReportReporter -->
<testsuite skipped="1" hostname="user-PC" name="Datadriven.DatadriventestngTest2" tests="1" failures="0" timestamp="15 Jul 2019 17:45:51 GMT" time="0.000" errors="0">
  <testcase name="test" time="0.000" classname="Datadriven.DatadriventestngTest2">
    <skipped/>
  </testcase> <!-- test -->
</testsuite> <!-- Datadriven.DatadriventestngTest2 -->
