<?xml version="1.0" encoding="UTF-8"?>
<!-- Generated by org.testng.reporters.JUnitReportReporter -->
<testsuite skipped="0" hostname="user-PC" name="Datadriven.DatadriventestngTest" tests="4" failures="0" timestamp="15 Jul 2019 17:04:14 GMT" time="6.780" errors="0">
  <testcase name="test" time="1.543" classname="Datadriven.DatadriventestngTest"/>
  <testcase name="test" time="1.549" classname="Datadriven.DatadriventestngTest"/>
  <testcase name="test" time="2.056" classname="Datadriven.DatadriventestngTest"/>
  <testcase name="test" time="1.632" classname="Datadriven.DatadriventestngTest"/>
</testsuite> <!-- Datadriven.DatadriventestngTest -->
