<?xml version="1.0" encoding="UTF-8"?>
<!-- Generated by org.testng.reporters.JUnitReportReporter -->
<testsuite skipped="0" hostname="user-PC" name="selenium.mavenproject_scenarios.HeadlesswithchromeTest" tests="2" failures="0" timestamp="04 Jul 2019 08:45:40 GMT" time="34.313" errors="0">
  <testcase name="login" time="22.702" classname="selenium.mavenproject_scenarios.HeadlesswithchromeTest"/>
  <testcase name="logout" time="11.611" classname="selenium.mavenproject_scenarios.HeadlesswithchromeTest"/>
</testsuite> <!-- selenium.mavenproject_scenarios.HeadlesswithchromeTest -->
