<?xml version="1.0" encoding="UTF-8"?>
<!-- Generated by org.testng.reporters.JUnitReportReporter -->
<testsuite skipped="0" hostname="user-PC" name="selenium.mavenproject_scenarios.HtmlheadlessgoogleinfoTest" tests="2" failures="0" timestamp="04 Jul 2019 09:39:37 GMT" time="0.918" errors="0">
  <testcase name="getTest" time="0.375" classname="selenium.mavenproject_scenarios.HtmlheadlessgoogleinfoTest"/>
  <testcase name="getattribute" time="0.543" classname="selenium.mavenproject_scenarios.HtmlheadlessgoogleinfoTest"/>
</testsuite> <!-- selenium.mavenproject_scenarios.HtmlheadlessgoogleinfoTest -->
