<?xml version="1.0" encoding="UTF-8"?>
<!-- Generated by org.testng.reporters.JUnitReportReporter -->
<testsuite skipped="0" hostname="user-PC" name="Datadriven.DataproviderTest" tests="2" failures="0" timestamp="15 Jul 2019 09:23:51 GMT" time="0.036" errors="0">
  <testcase name="f" time="0.029" classname="Datadriven.DataproviderTest"/>
  <testcase name="f" time="0.007" classname="Datadriven.DataproviderTest"/>
</testsuite> <!-- Datadriven.DataproviderTest -->
