<?xml version="1.0" encoding="UTF-8"?>
<!-- Generated by org.testng.reporters.JUnitReportReporter -->
<testsuite skipped="0" hostname="user-PC" name="selenium.mavenproject_scenarios.SbialerthandlingTest" tests="1" failures="0" timestamp="11 Jul 2019 09:40:51 GMT" time="14.241" errors="0">
  <testcase name="login" time="14.241" classname="selenium.mavenproject_scenarios.SbialerthandlingTest"/>
</testsuite> <!-- selenium.mavenproject_scenarios.SbialerthandlingTest -->
